<?xml version="1.0" encoding="UTF-8"?>
<testsuite xmlns:xsi="http://www.w3.org/2001/XMLSchema-instance" xsi:noNamespaceSchemaLocation="https://maven.apache.org/surefire/maven-surefire-plugin/xsd/surefire-test-report.xsd" version="3.0.2" name="com.lakesidemutual.modulith.ModulithStructureTest" time="1.475" tests="1" errors="0" skipped="0" failures="0">
  <properties>
[...]
</properties>
  <testcase name="verifiesModularStructure" classname="com.lakesidemutual.modulith.ModulithStructureTest" time="1.456">
    <system-out><![CDATA[19:55:17.835 [main] INFO com.tngtech.archunit.core.PluginLoader -- Detected Java version 21.0.9
]]></system-out>
  </testcase>
</testsuite>